2021-09-02 11:42:17.327  INFO 27645 --- [main] com.ssportal.be.BeApplication            : Starting BeApplication using Java 11.0.10 on Les-MBP-2.fios-router.home with PID 27645 (/Users/ledeng/projects/ssportal/be/target/classes started by ledeng in /Users/ledeng/projects/ssportal/be)
2021-09-02 11:42:17.347  INFO 27645 --- [main] com.ssportal.be.BeApplication            : No active profile set, falling back to default profiles: default
2021-09-02 11:42:18.216  INFO 27645 --- [main] .s.d.r.c.RepositoryConfigurationDelegate : Bootstrapping Spring Data JPA repositories in DEFAULT mode.
2021-09-02 11:42:18.278  INFO 27645 --- [main] .s.d.r.c.RepositoryConfigurationDelegate : Finished Spring Data repository scanning in 54 ms. Found 3 JPA repository interfaces.
2021-09-02 11:42:18.544  INFO 27645 --- [main] trationDelegate$BeanPostProcessorChecker : Bean 'org.springframework.security.access.expression.method.DefaultMethodSecurityExpressionHandler@2fbe26da' of type [org.springframework.security.access.expression.method.DefaultMethodSecurityExpressionHandler] is not eligible for getting processed by all BeanPostProcessors (for example: not eligible for auto-proxying)
2021-09-02 11:42:18.559  INFO 27645 --- [main] trationDelegate$BeanPostProcessorChecker : Bean 'methodSecurityMetadataSource' of type [org.springframework.security.access.method.DelegatingMethodSecurityMetadataSource] is not eligible for getting processed by all BeanPostProcessors (for example: not eligible for auto-proxying)
2021-09-02 11:42:18.773  INFO 27645 --- [main] o.s.b.w.embedded.tomcat.TomcatWebServer  : Tomcat initialized with port(s): 8181 (http)
2021-09-02 11:42:18.781  INFO 27645 --- [main] o.apache.catalina.core.StandardService   : Starting service [Tomcat]
2021-09-02 11:42:18.781  INFO 27645 --- [main] org.apache.catalina.core.StandardEngine  : Starting Servlet engine: [Apache Tomcat/9.0.52]
2021-09-02 11:42:18.870  INFO 27645 --- [main] o.a.c.c.C.[.[localhost].[/ssportal/be]   : Initializing Spring embedded WebApplicationContext
2021-09-02 11:42:18.871  INFO 27645 --- [main] w.s.c.ServletWebServerApplicationContext : Root WebApplicationContext: initialization completed in 1264 ms
2021-09-02 11:42:19.044  INFO 27645 --- [main] o.hibernate.jpa.internal.util.LogHelper  : HHH000204: Processing PersistenceUnitInfo [name: default]
2021-09-02 11:42:19.090  INFO 27645 --- [main] org.hibernate.Version                    : HHH000412: Hibernate ORM core version 5.4.32.Final
2021-09-02 11:42:19.195  INFO 27645 --- [main] o.hibernate.annotations.common.Version   : HCANN000001: Hibernate Commons Annotations {5.1.2.Final}
2021-09-02 11:42:19.275  INFO 27645 --- [main] com.zaxxer.hikari.HikariDataSource       : HikariPool-1 - Starting...
2021-09-02 11:42:19.423  INFO 27645 --- [main] com.zaxxer.hikari.HikariDataSource       : HikariPool-1 - Start completed.
2021-09-02 11:42:19.436  INFO 27645 --- [main] org.hibernate.dialect.Dialect            : HHH000400: Using dialect: org.hibernate.dialect.MySQL5Dialect
2021-09-02 11:42:20.112  INFO 27645 --- [main] o.h.e.t.j.p.i.JtaPlatformInitiator       : HHH000490: Using JtaPlatform implementation: [org.hibernate.engine.transaction.jta.platform.internal.NoJtaPlatform]
2021-09-02 11:42:20.121  INFO 27645 --- [main] j.LocalContainerEntityManagerFactoryBean : Initialized JPA EntityManagerFactory for persistence unit 'default'
2021-09-02 11:42:20.576  WARN 27645 --- [main] JpaBaseConfiguration$JpaWebConfiguration : spring.jpa.open-in-view is enabled by default. Therefore, database queries may be performed during view rendering. Explicitly configure spring.jpa.open-in-view to disable this warning
2021-09-02 11:42:21.186  INFO 27645 --- [main] o.s.s.web.DefaultSecurityFilterChain     : Will secure any request with [org.springframework.security.web.context.request.async.WebAsyncManagerIntegrationFilter@943cf5, org.springframework.security.web.context.SecurityContextPersistenceFilter@6693818c, org.springframework.security.web.header.HeaderWriterFilter@48928b57, org.springframework.web.filter.CorsFilter@2926f7bd, org.springframework.security.web.authentication.logout.LogoutFilter@77aeba9b, com.ssportal.be.config.JwtAuthenticationFilter@32f54c2a, org.springframework.security.web.savedrequest.RequestCacheAwareFilter@726e29d, org.springframework.security.web.servletapi.SecurityContextHolderAwareRequestFilter@6a30f6b1, org.springframework.security.web.authentication.AnonymousAuthenticationFilter@5a20f793, org.springframework.security.web.session.SessionManagementFilter@72b6fa98, org.springframework.security.web.access.ExceptionTranslationFilter@24d097c8, org.springframework.security.web.access.intercept.FilterSecurityInterceptor@601e7c97]
2021-09-02 11:42:21.310  WARN 27645 --- [main] ion$DefaultTemplateResolverConfiguration : Cannot find template location: classpath:/templates/ (please add some templates or check your Thymeleaf configuration)
2021-09-02 11:42:21.632  INFO 27645 --- [main] o.s.b.w.embedded.tomcat.TomcatWebServer  : Tomcat started on port(s): 8181 (http) with context path '/ssportal/be'
2021-09-02 11:42:21.643  INFO 27645 --- [main] com.ssportal.be.BeApplication            : Started BeApplication in 4.724 seconds (JVM running for 5.497)
2021-09-02 11:42:21.774  INFO 27645 --- [main] com.ssportal.be.service.UserService      : User with username Admin1 already exist. User can't be created. 
2021-09-02 11:42:21.787  INFO 27645 --- [main] com.ssportal.be.service.UserService      : User with username ldeng already exist. User can't be created. 
2021-09-02 11:42:38.006  INFO 27645 --- [http-nio-8181-exec-1] o.a.c.c.C.[.[localhost].[/ssportal/be]   : Initializing Spring DispatcherServlet 'dispatcherServlet'
2021-09-02 11:42:38.007  INFO 27645 --- [http-nio-8181-exec-1] o.s.web.servlet.DispatcherServlet        : Initializing Servlet 'dispatcherServlet'
2021-09-02 11:42:38.008  INFO 27645 --- [http-nio-8181-exec-1] o.s.web.servlet.DispatcherServlet        : Completed initialization in 1 ms
2021-09-02 11:42:38.026  INFO 27645 --- [http-nio-8181-exec-1] c.s.be.config.JwtAuthenticationFilter    : couldn't find bearer string, will ignore the header of URI: /ssportal/be/swagger-ui.html
2021-09-02 11:42:38.094  INFO 27645 --- [http-nio-8181-exec-2] c.s.be.config.JwtAuthenticationFilter    : couldn't find bearer string, will ignore the header of URI: /ssportal/be/swagger-ui/index.html
2021-09-02 11:42:38.200  INFO 27645 --- [http-nio-8181-exec-3] c.s.be.config.JwtAuthenticationFilter    : couldn't find bearer string, will ignore the header of URI: /ssportal/be/swagger-ui/swagger-ui.css
2021-09-02 11:42:38.201  INFO 27645 --- [http-nio-8181-exec-4] c.s.be.config.JwtAuthenticationFilter    : couldn't find bearer string, will ignore the header of URI: /ssportal/be/swagger-ui/swagger-ui-bundle.js
2021-09-02 11:42:38.202  INFO 27645 --- [http-nio-8181-exec-5] c.s.be.config.JwtAuthenticationFilter    : couldn't find bearer string, will ignore the header of URI: /ssportal/be/swagger-ui/swagger-ui-standalone-preset.js
2021-09-02 11:42:38.414  INFO 27645 --- [http-nio-8181-exec-6] c.s.be.config.JwtAuthenticationFilter    : couldn't find bearer string, will ignore the header of URI: /ssportal/be/v3/api-docs/swagger-config
2021-09-02 11:42:38.416  INFO 27645 --- [http-nio-8181-exec-7] c.s.be.config.JwtAuthenticationFilter    : couldn't find bearer string, will ignore the header of URI: /ssportal/be/swagger-ui/favicon-32x32.png
2021-09-02 11:42:38.487  INFO 27645 --- [http-nio-8181-exec-8] c.s.be.config.JwtAuthenticationFilter    : couldn't find bearer string, will ignore the header of URI: /ssportal/be/v3/api-docs
2021-09-02 11:42:38.761  INFO 27645 --- [http-nio-8181-exec-8] o.springdoc.api.AbstractOpenApiResource  : Init duration for springdoc-openapi is: 260 ms
2021-09-02 11:43:03.650  INFO 27645 --- [http-nio-8181-exec-10] c.s.be.config.JwtAuthenticationFilter    : couldn't find bearer string, will ignore the header of URI: /ssportal/be/authenticate
2021-09-02 11:46:53.181  INFO 27645 --- [SpringApplicationShutdownHook] j.LocalContainerEntityManagerFactoryBean : Closing JPA EntityManagerFactory for persistence unit 'default'
2021-09-02 11:46:53.184  INFO 27645 --- [SpringApplicationShutdownHook] com.zaxxer.hikari.HikariDataSource       : HikariPool-1 - Shutdown initiated...
2021-09-02 11:46:53.193  INFO 27645 --- [SpringApplicationShutdownHook] com.zaxxer.hikari.HikariDataSource       : HikariPool-1 - Shutdown completed.
2021-09-02 11:46:58.092  INFO 27724 --- [main] com.ssportal.be.BeApplication            : Starting BeApplication using Java 11.0.10 on Les-MBP-2.fios-router.home with PID 27724 (/Users/ledeng/projects/ssportal/be/target/classes started by ledeng in /Users/ledeng/projects/ssportal/be)
2021-09-02 11:46:58.094  INFO 27724 --- [main] com.ssportal.be.BeApplication            : No active profile set, falling back to default profiles: default
2021-09-02 11:46:58.878  INFO 27724 --- [main] .s.d.r.c.RepositoryConfigurationDelegate : Bootstrapping Spring Data JPA repositories in DEFAULT mode.
2021-09-02 11:46:58.933  INFO 27724 --- [main] .s.d.r.c.RepositoryConfigurationDelegate : Finished Spring Data repository scanning in 47 ms. Found 3 JPA repository interfaces.
2021-09-02 11:46:59.178  INFO 27724 --- [main] trationDelegate$BeanPostProcessorChecker : Bean 'org.springframework.security.access.expression.method.DefaultMethodSecurityExpressionHandler@71b6172c' of type [org.springframework.security.access.expression.method.DefaultMethodSecurityExpressionHandler] is not eligible for getting processed by all BeanPostProcessors (for example: not eligible for auto-proxying)
2021-09-02 11:46:59.181  INFO 27724 --- [main] trationDelegate$BeanPostProcessorChecker : Bean 'methodSecurityMetadataSource' of type [org.springframework.security.access.method.DelegatingMethodSecurityMetadataSource] is not eligible for getting processed by all BeanPostProcessors (for example: not eligible for auto-proxying)
2021-09-02 11:46:59.385  INFO 27724 --- [main] o.s.b.w.embedded.tomcat.TomcatWebServer  : Tomcat initialized with port(s): 8181 (http)
2021-09-02 11:46:59.392  INFO 27724 --- [main] o.apache.catalina.core.StandardService   : Starting service [Tomcat]
2021-09-02 11:46:59.393  INFO 27724 --- [main] org.apache.catalina.core.StandardEngine  : Starting Servlet engine: [Apache Tomcat/9.0.52]
2021-09-02 11:46:59.479  INFO 27724 --- [main] o.a.c.c.C.[.[localhost].[/ssportal/be]   : Initializing Spring embedded WebApplicationContext
2021-09-02 11:46:59.479  INFO 27724 --- [main] w.s.c.ServletWebServerApplicationContext : Root WebApplicationContext: initialization completed in 1148 ms
2021-09-02 11:46:59.639  INFO 27724 --- [main] o.hibernate.jpa.internal.util.LogHelper  : HHH000204: Processing PersistenceUnitInfo [name: default]
2021-09-02 11:46:59.682  INFO 27724 --- [main] org.hibernate.Version                    : HHH000412: Hibernate ORM core version 5.4.32.Final
2021-09-02 11:46:59.791  INFO 27724 --- [main] o.hibernate.annotations.common.Version   : HCANN000001: Hibernate Commons Annotations {5.1.2.Final}
2021-09-02 11:46:59.868  INFO 27724 --- [main] com.zaxxer.hikari.HikariDataSource       : HikariPool-1 - Starting...
2021-09-02 11:46:59.981  INFO 27724 --- [main] com.zaxxer.hikari.HikariDataSource       : HikariPool-1 - Start completed.
2021-09-02 11:46:59.992  INFO 27724 --- [main] org.hibernate.dialect.Dialect            : HHH000400: Using dialect: org.hibernate.dialect.MySQL5Dialect
2021-09-02 11:47:00.540  INFO 27724 --- [main] o.h.e.t.j.p.i.JtaPlatformInitiator       : HHH000490: Using JtaPlatform implementation: [org.hibernate.engine.transaction.jta.platform.internal.NoJtaPlatform]
2021-09-02 11:47:00.548  INFO 27724 --- [main] j.LocalContainerEntityManagerFactoryBean : Initialized JPA EntityManagerFactory for persistence unit 'default'
2021-09-02 11:47:00.974  WARN 27724 --- [main] JpaBaseConfiguration$JpaWebConfiguration : spring.jpa.open-in-view is enabled by default. Therefore, database queries may be performed during view rendering. Explicitly configure spring.jpa.open-in-view to disable this warning
2021-09-02 11:47:01.571  INFO 27724 --- [main] o.s.s.web.DefaultSecurityFilterChain     : Will secure any request with [org.springframework.security.web.context.request.async.WebAsyncManagerIntegrationFilter@3006aef5, org.springframework.security.web.context.SecurityContextPersistenceFilter@21084a6d, org.springframework.security.web.header.HeaderWriterFilter@6f071d0c, org.springframework.web.filter.CorsFilter@16257f8c, org.springframework.security.web.authentication.logout.LogoutFilter@6ddbbfbb, com.ssportal.be.config.JwtAuthenticationFilter@58fbfefb, org.springframework.security.web.savedrequest.RequestCacheAwareFilter@642d971f, org.springframework.security.web.servletapi.SecurityContextHolderAwareRequestFilter@2cfd9b0a, org.springframework.security.web.authentication.AnonymousAuthenticationFilter@62158618, org.springframework.security.web.session.SessionManagementFilter@6e80de85, org.springframework.security.web.access.ExceptionTranslationFilter@7891742e, org.springframework.security.web.access.intercept.FilterSecurityInterceptor@a70daf4]
2021-09-02 11:47:01.717  WARN 27724 --- [main] ion$DefaultTemplateResolverConfiguration : Cannot find template location: classpath:/templates/ (please add some templates or check your Thymeleaf configuration)
2021-09-02 11:47:02.049  INFO 27724 --- [main] o.s.b.w.embedded.tomcat.TomcatWebServer  : Tomcat started on port(s): 8181 (http) with context path '/ssportal/be'
2021-09-02 11:47:02.058  INFO 27724 --- [main] com.ssportal.be.BeApplication            : Started BeApplication in 4.343 seconds (JVM running for 5.025)
2021-09-02 11:47:02.212  INFO 27724 --- [main] com.ssportal.be.service.UserService      : User with username Admin1 already exist. User can't be created. 
2021-09-02 11:47:02.232  INFO 27724 --- [main] com.ssportal.be.service.UserService      : User with username ldeng already exist. User can't be created. 
2021-09-02 11:47:06.779  INFO 27724 --- [http-nio-8181-exec-1] o.a.c.c.C.[.[localhost].[/ssportal/be]   : Initializing Spring DispatcherServlet 'dispatcherServlet'
2021-09-02 11:47:06.779  INFO 27724 --- [http-nio-8181-exec-1] o.s.web.servlet.DispatcherServlet        : Initializing Servlet 'dispatcherServlet'
2021-09-02 11:47:06.780  INFO 27724 --- [http-nio-8181-exec-1] o.s.web.servlet.DispatcherServlet        : Completed initialization in 1 ms
2021-09-02 11:57:27.890  WARN 27724 --- [HikariPool-1 housekeeper] com.zaxxer.hikari.pool.HikariPool        : HikariPool-1 - Thread starvation or clock leap detected (housekeeper delta=8m16s194ms).
2021-09-02 11:59:07.015  WARN 27724 --- [HikariPool-1 housekeeper] com.zaxxer.hikari.pool.HikariPool        : HikariPool-1 - Thread starvation or clock leap detected (housekeeper delta=1m40s716ms).
2021-09-02 12:02:15.502  WARN 27724 --- [HikariPool-1 housekeeper] com.zaxxer.hikari.pool.HikariPool        : HikariPool-1 - Thread starvation or clock leap detected (housekeeper delta=1m4s614ms).
2021-09-02 12:03:12.558  WARN 27724 --- [HikariPool-1 housekeeper] com.zaxxer.hikari.pool.HikariPool        : HikariPool-1 - Thread starvation or clock leap detected (housekeeper delta=57s57ms).
2021-09-02 12:05:23.262  INFO 27724 --- [SpringApplicationShutdownHook] j.LocalContainerEntityManagerFactoryBean : Closing JPA EntityManagerFactory for persistence unit 'default'
2021-09-02 12:05:23.268  INFO 27724 --- [SpringApplicationShutdownHook] com.zaxxer.hikari.HikariDataSource       : HikariPool-1 - Shutdown initiated...
2021-09-02 12:05:23.276  INFO 27724 --- [SpringApplicationShutdownHook] com.zaxxer.hikari.HikariDataSource       : HikariPool-1 - Shutdown completed.
2021-09-02 12:05:26.728  INFO 27990 --- [main] com.ssportal.be.BeApplication            : Starting BeApplication using Java 11.0.10 on Les-MBP-2.fios-router.home with PID 27990 (/Users/ledeng/projects/ssportal/be/target/classes started by ledeng in /Users/ledeng/projects/ssportal/be)
2021-09-02 12:05:26.730  INFO 27990 --- [main] com.ssportal.be.BeApplication            : No active profile set, falling back to default profiles: default
2021-09-02 12:05:27.529  INFO 27990 --- [main] .s.d.r.c.RepositoryConfigurationDelegate : Bootstrapping Spring Data JPA repositories in DEFAULT mode.
2021-09-02 12:05:27.584  INFO 27990 --- [main] .s.d.r.c.RepositoryConfigurationDelegate : Finished Spring Data repository scanning in 48 ms. Found 3 JPA repository interfaces.
2021-09-02 12:05:27.829  INFO 27990 --- [main] trationDelegate$BeanPostProcessorChecker : Bean 'org.springframework.security.access.expression.method.DefaultMethodSecurityExpressionHandler@3b42121d' of type [org.springframework.security.access.expression.method.DefaultMethodSecurityExpressionHandler] is not eligible for getting processed by all BeanPostProcessors (for example: not eligible for auto-proxying)
2021-09-02 12:05:27.832  INFO 27990 --- [main] trationDelegate$BeanPostProcessorChecker : Bean 'methodSecurityMetadataSource' of type [org.springframework.security.access.method.DelegatingMethodSecurityMetadataSource] is not eligible for getting processed by all BeanPostProcessors (for example: not eligible for auto-proxying)
2021-09-02 12:05:28.033  INFO 27990 --- [main] o.s.b.w.embedded.tomcat.TomcatWebServer  : Tomcat initialized with port(s): 8181 (http)
2021-09-02 12:05:28.041  INFO 27990 --- [main] o.apache.catalina.core.StandardService   : Starting service [Tomcat]
2021-09-02 12:05:28.041  INFO 27990 --- [main] org.apache.catalina.core.StandardEngine  : Starting Servlet engine: [Apache Tomcat/9.0.52]
2021-09-02 12:05:28.125  INFO 27990 --- [main] o.a.c.c.C.[.[localhost].[/ssportal/be]   : Initializing Spring embedded WebApplicationContext
2021-09-02 12:05:28.125  INFO 27990 --- [main] w.s.c.ServletWebServerApplicationContext : Root WebApplicationContext: initialization completed in 1163 ms
2021-09-02 12:05:28.282  INFO 27990 --- [main] o.hibernate.jpa.internal.util.LogHelper  : HHH000204: Processing PersistenceUnitInfo [name: default]
2021-09-02 12:05:28.325  INFO 27990 --- [main] org.hibernate.Version                    : HHH000412: Hibernate ORM core version 5.4.32.Final
2021-09-02 12:05:28.437  INFO 27990 --- [main] o.hibernate.annotations.common.Version   : HCANN000001: Hibernate Commons Annotations {5.1.2.Final}
2021-09-02 12:05:28.508  INFO 27990 --- [main] com.zaxxer.hikari.HikariDataSource       : HikariPool-1 - Starting...
2021-09-02 12:05:28.613  INFO 27990 --- [main] com.zaxxer.hikari.HikariDataSource       : HikariPool-1 - Start completed.
2021-09-02 12:05:28.622  INFO 27990 --- [main] org.hibernate.dialect.Dialect            : HHH000400: Using dialect: org.hibernate.dialect.MySQL5Dialect
2021-09-02 12:05:29.197  INFO 27990 --- [main] o.h.e.t.j.p.i.JtaPlatformInitiator       : HHH000490: Using JtaPlatform implementation: [org.hibernate.engine.transaction.jta.platform.internal.NoJtaPlatform]
2021-09-02 12:05:29.207  INFO 27990 --- [main] j.LocalContainerEntityManagerFactoryBean : Initialized JPA EntityManagerFactory for persistence unit 'default'
2021-09-02 12:05:29.619  WARN 27990 --- [main] JpaBaseConfiguration$JpaWebConfiguration : spring.jpa.open-in-view is enabled by default. Therefore, database queries may be performed during view rendering. Explicitly configure spring.jpa.open-in-view to disable this warning
2021-09-02 12:05:30.197  INFO 27990 --- [main] o.s.s.web.DefaultSecurityFilterChain     : Will secure any request with [org.springframework.security.web.context.request.async.WebAsyncManagerIntegrationFilter@1dae9e61, org.springframework.security.web.context.SecurityContextPersistenceFilter@6e80de85, org.springframework.security.web.header.HeaderWriterFilter@781bd9dd, org.springframework.web.filter.CorsFilter@37b44e8e, org.springframework.security.web.authentication.logout.LogoutFilter@6094ad4, com.ssportal.be.config.JwtAuthenticationFilter@7c0a6f62, org.springframework.security.web.savedrequest.RequestCacheAwareFilter@21084a6d, org.springframework.security.web.servletapi.SecurityContextHolderAwareRequestFilter@255d4d7, org.springframework.security.web.authentication.AnonymousAuthenticationFilter@11ec2b2f, org.springframework.security.web.session.SessionManagementFilter@548c5127, org.springframework.security.web.access.ExceptionTranslationFilter@1e49a77e, org.springframework.security.web.access.intercept.FilterSecurityInterceptor@22bca04e]
2021-09-02 12:05:30.317  WARN 27990 --- [main] ion$DefaultTemplateResolverConfiguration : Cannot find template location: classpath:/templates/ (please add some templates or check your Thymeleaf configuration)
2021-09-02 12:05:30.632  INFO 27990 --- [main] o.s.b.w.embedded.tomcat.TomcatWebServer  : Tomcat started on port(s): 8181 (http) with context path '/ssportal/be'
2021-09-02 12:05:30.642  INFO 27990 --- [main] com.ssportal.be.BeApplication            : Started BeApplication in 4.28 seconds (JVM running for 4.913)
2021-09-02 12:05:30.795  INFO 27990 --- [main] com.ssportal.be.service.UserService      : User with username Admin1 already exist. User can't be created. 
2021-09-02 12:05:30.812  INFO 27990 --- [main] com.ssportal.be.service.UserService      : User with username ldeng already exist. User can't be created. 
2021-09-02 12:05:35.388  INFO 27990 --- [http-nio-8181-exec-1] o.a.c.c.C.[.[localhost].[/ssportal/be]   : Initializing Spring DispatcherServlet 'dispatcherServlet'
2021-09-02 12:05:35.389  INFO 27990 --- [http-nio-8181-exec-1] o.s.web.servlet.DispatcherServlet        : Initializing Servlet 'dispatcherServlet'
2021-09-02 12:05:35.390  INFO 27990 --- [http-nio-8181-exec-1] o.s.web.servlet.DispatcherServlet        : Completed initialization in 1 ms
2021-09-02 12:06:13.737  WARN 27990 --- [HikariPool-1 housekeeper] com.zaxxer.hikari.pool.HikariPool        : HikariPool-1 - Thread starvation or clock leap detected (housekeeper delta=45s19ms).
2021-09-02 12:06:15.681  INFO 27990 --- [SpringApplicationShutdownHook] j.LocalContainerEntityManagerFactoryBean : Closing JPA EntityManagerFactory for persistence unit 'default'
2021-09-02 12:06:15.685  INFO 27990 --- [SpringApplicationShutdownHook] com.zaxxer.hikari.HikariDataSource       : HikariPool-1 - Shutdown initiated...
2021-09-02 12:06:15.691  INFO 27990 --- [SpringApplicationShutdownHook] com.zaxxer.hikari.HikariDataSource       : HikariPool-1 - Shutdown completed.
2021-09-02 12:06:18.978  INFO 28014 --- [main] com.ssportal.be.BeApplication            : Starting BeApplication using Java 11.0.10 on Les-MBP-2.fios-router.home with PID 28014 (/Users/ledeng/projects/ssportal/be/target/classes started by ledeng in /Users/ledeng/projects/ssportal/be)
2021-09-02 12:06:18.980  INFO 28014 --- [main] com.ssportal.be.BeApplication            : No active profile set, falling back to default profiles: default
2021-09-02 12:06:19.748  INFO 28014 --- [main] .s.d.r.c.RepositoryConfigurationDelegate : Bootstrapping Spring Data JPA repositories in DEFAULT mode.
2021-09-02 12:06:19.802  INFO 28014 --- [main] .s.d.r.c.RepositoryConfigurationDelegate : Finished Spring Data repository scanning in 46 ms. Found 3 JPA repository interfaces.
2021-09-02 12:06:20.036  INFO 28014 --- [main] trationDelegate$BeanPostProcessorChecker : Bean 'org.springframework.security.access.expression.method.DefaultMethodSecurityExpressionHandler@723877dd' of type [org.springframework.security.access.expression.method.DefaultMethodSecurityExpressionHandler] is not eligible for getting processed by all BeanPostProcessors (for example: not eligible for auto-proxying)
2021-09-02 12:06:20.039  INFO 28014 --- [main] trationDelegate$BeanPostProcessorChecker : Bean 'methodSecurityMetadataSource' of type [org.springframework.security.access.method.DelegatingMethodSecurityMetadataSource] is not eligible for getting processed by all BeanPostProcessors (for example: not eligible for auto-proxying)
2021-09-02 12:06:20.245  INFO 28014 --- [main] o.s.b.w.embedded.tomcat.TomcatWebServer  : Tomcat initialized with port(s): 8181 (http)
2021-09-02 12:06:20.252  INFO 28014 --- [main] o.apache.catalina.core.StandardService   : Starting service [Tomcat]
2021-09-02 12:06:20.253  INFO 28014 --- [main] org.apache.catalina.core.StandardEngine  : Starting Servlet engine: [Apache Tomcat/9.0.52]
2021-09-02 12:06:20.334  INFO 28014 --- [main] o.a.c.c.C.[.[localhost].[/ssportal/be]   : Initializing Spring embedded WebApplicationContext
2021-09-02 12:06:20.334  INFO 28014 --- [main] w.s.c.ServletWebServerApplicationContext : Root WebApplicationContext: initialization completed in 1129 ms
2021-09-02 12:06:20.494  INFO 28014 --- [main] o.hibernate.jpa.internal.util.LogHelper  : HHH000204: Processing PersistenceUnitInfo [name: default]
2021-09-02 12:06:20.539  INFO 28014 --- [main] org.hibernate.Version                    : HHH000412: Hibernate ORM core version 5.4.32.Final
2021-09-02 12:06:20.641  INFO 28014 --- [main] o.hibernate.annotations.common.Version   : HCANN000001: Hibernate Commons Annotations {5.1.2.Final}
2021-09-02 12:06:20.714  INFO 28014 --- [main] com.zaxxer.hikari.HikariDataSource       : HikariPool-1 - Starting...
2021-09-02 12:06:20.813  INFO 28014 --- [main] com.zaxxer.hikari.HikariDataSource       : HikariPool-1 - Start completed.
2021-09-02 12:06:20.822  INFO 28014 --- [main] org.hibernate.dialect.Dialect            : HHH000400: Using dialect: org.hibernate.dialect.MySQL5Dialect
2021-09-02 12:06:21.406  INFO 28014 --- [main] o.h.e.t.j.p.i.JtaPlatformInitiator       : HHH000490: Using JtaPlatform implementation: [org.hibernate.engine.transaction.jta.platform.internal.NoJtaPlatform]
2021-09-02 12:06:21.414  INFO 28014 --- [main] j.LocalContainerEntityManagerFactoryBean : Initialized JPA EntityManagerFactory for persistence unit 'default'
2021-09-02 12:06:21.830  WARN 28014 --- [main] JpaBaseConfiguration$JpaWebConfiguration : spring.jpa.open-in-view is enabled by default. Therefore, database queries may be performed during view rendering. Explicitly configure spring.jpa.open-in-view to disable this warning
2021-09-02 12:06:22.448  INFO 28014 --- [main] o.s.s.web.DefaultSecurityFilterChain     : Will secure any request with [org.springframework.security.web.context.request.async.WebAsyncManagerIntegrationFilter@222a7429, org.springframework.security.web.context.SecurityContextPersistenceFilter@752180c4, org.springframework.security.web.header.HeaderWriterFilter@4dd425dc, org.springframework.web.filter.CorsFilter@22a8c837, org.springframework.security.web.authentication.logout.LogoutFilter@55c581e4, com.ssportal.be.config.JwtAuthenticationFilter@70f3bf00, org.springframework.security.web.savedrequest.RequestCacheAwareFilter@1802f60c, org.springframework.security.web.servletapi.SecurityContextHolderAwareRequestFilter@24ac87a, org.springframework.security.web.authentication.AnonymousAuthenticationFilter@5f596a1a, org.springframework.security.web.session.SessionManagementFilter@d60cbad, org.springframework.security.web.access.ExceptionTranslationFilter@c3114ea, org.springframework.security.web.access.intercept.FilterSecurityInterceptor@fd5c7f6]
2021-09-02 12:06:22.577  WARN 28014 --- [main] ion$DefaultTemplateResolverConfiguration : Cannot find template location: classpath:/templates/ (please add some templates or check your Thymeleaf configuration)
2021-09-02 12:06:22.914  INFO 28014 --- [main] o.s.b.w.embedded.tomcat.TomcatWebServer  : Tomcat started on port(s): 8181 (http) with context path '/ssportal/be'
2021-09-02 12:06:22.925  INFO 28014 --- [main] com.ssportal.be.BeApplication            : Started BeApplication in 4.322 seconds (JVM running for 4.973)
2021-09-02 12:06:23.050  INFO 28014 --- [main] com.ssportal.be.service.UserService      : User with username Admin1 already exist. User can't be created. 
2021-09-02 12:06:23.063  INFO 28014 --- [main] com.ssportal.be.service.UserService      : User with username ldeng already exist. User can't be created. 
2021-09-02 12:06:24.923  INFO 28014 --- [http-nio-8181-exec-1] o.a.c.c.C.[.[localhost].[/ssportal/be]   : Initializing Spring DispatcherServlet 'dispatcherServlet'
2021-09-02 12:06:24.923  INFO 28014 --- [http-nio-8181-exec-1] o.s.web.servlet.DispatcherServlet        : Initializing Servlet 'dispatcherServlet'
2021-09-02 12:06:24.924  INFO 28014 --- [http-nio-8181-exec-1] o.s.web.servlet.DispatcherServlet        : Completed initialization in 1 ms
2021-09-02 12:08:35.705  WARN 28014 --- [HikariPool-1 housekeeper] com.zaxxer.hikari.pool.HikariPool        : HikariPool-1 - Thread starvation or clock leap detected (housekeeper delta=1m517ms).
2021-09-02 12:08:35.903  INFO 28014 --- [SpringApplicationShutdownHook] j.LocalContainerEntityManagerFactoryBean : Closing JPA EntityManagerFactory for persistence unit 'default'
2021-09-02 12:08:35.907  INFO 28014 --- [SpringApplicationShutdownHook] com.zaxxer.hikari.HikariDataSource       : HikariPool-1 - Shutdown initiated...
2021-09-02 12:08:35.914  INFO 28014 --- [SpringApplicationShutdownHook] com.zaxxer.hikari.HikariDataSource       : HikariPool-1 - Shutdown completed.
2021-09-02 12:08:39.260  INFO 28039 --- [main] com.ssportal.be.BeApplication            : Starting BeApplication using Java 11.0.10 on Les-MBP-2.fios-router.home with PID 28039 (/Users/ledeng/projects/ssportal/be/target/classes started by ledeng in /Users/ledeng/projects/ssportal/be)
2021-09-02 12:08:39.263  INFO 28039 --- [main] com.ssportal.be.BeApplication            : No active profile set, falling back to default profiles: default
2021-09-02 12:08:40.104  INFO 28039 --- [main] .s.d.r.c.RepositoryConfigurationDelegate : Bootstrapping Spring Data JPA repositories in DEFAULT mode.
2021-09-02 12:08:40.161  INFO 28039 --- [main] .s.d.r.c.RepositoryConfigurationDelegate : Finished Spring Data repository scanning in 49 ms. Found 3 JPA repository interfaces.
2021-09-02 12:08:40.429  INFO 28039 --- [main] trationDelegate$BeanPostProcessorChecker : Bean 'org.springframework.security.access.expression.method.DefaultMethodSecurityExpressionHandler@723877dd' of type [org.springframework.security.access.expression.method.DefaultMethodSecurityExpressionHandler] is not eligible for getting processed by all BeanPostProcessors (for example: not eligible for auto-proxying)
2021-09-02 12:08:40.433  INFO 28039 --- [main] trationDelegate$BeanPostProcessorChecker : Bean 'methodSecurityMetadataSource' of type [org.springframework.security.access.method.DelegatingMethodSecurityMetadataSource] is not eligible for getting processed by all BeanPostProcessors (for example: not eligible for auto-proxying)
2021-09-02 12:08:40.631  INFO 28039 --- [main] o.s.b.w.embedded.tomcat.TomcatWebServer  : Tomcat initialized with port(s): 8181 (http)
2021-09-02 12:08:40.639  INFO 28039 --- [main] o.apache.catalina.core.StandardService   : Starting service [Tomcat]
2021-09-02 12:08:40.639  INFO 28039 --- [main] org.apache.catalina.core.StandardEngine  : Starting Servlet engine: [Apache Tomcat/9.0.52]
2021-09-02 12:08:40.726  INFO 28039 --- [main] o.a.c.c.C.[.[localhost].[/ssportal/be]   : Initializing Spring embedded WebApplicationContext
2021-09-02 12:08:40.726  INFO 28039 --- [main] w.s.c.ServletWebServerApplicationContext : Root WebApplicationContext: initialization completed in 1217 ms
2021-09-02 12:08:40.883  INFO 28039 --- [main] o.hibernate.jpa.internal.util.LogHelper  : HHH000204: Processing PersistenceUnitInfo [name: default]
2021-09-02 12:08:40.926  INFO 28039 --- [main] org.hibernate.Version                    : HHH000412: Hibernate ORM core version 5.4.32.Final
2021-09-02 12:08:41.032  INFO 28039 --- [main] o.hibernate.annotations.common.Version   : HCANN000001: Hibernate Commons Annotations {5.1.2.Final}
2021-09-02 12:08:41.108  INFO 28039 --- [main] com.zaxxer.hikari.HikariDataSource       : HikariPool-1 - Starting...
2021-09-02 12:08:41.208  INFO 28039 --- [main] com.zaxxer.hikari.HikariDataSource       : HikariPool-1 - Start completed.
2021-09-02 12:08:41.217  INFO 28039 --- [main] org.hibernate.dialect.Dialect            : HHH000400: Using dialect: org.hibernate.dialect.MySQL5Dialect
2021-09-02 12:08:41.784  INFO 28039 --- [main] o.h.e.t.j.p.i.JtaPlatformInitiator       : HHH000490: Using JtaPlatform implementation: [org.hibernate.engine.transaction.jta.platform.internal.NoJtaPlatform]
2021-09-02 12:08:41.794  INFO 28039 --- [main] j.LocalContainerEntityManagerFactoryBean : Initialized JPA EntityManagerFactory for persistence unit 'default'
2021-09-02 12:08:42.235  WARN 28039 --- [main] JpaBaseConfiguration$JpaWebConfiguration : spring.jpa.open-in-view is enabled by default. Therefore, database queries may be performed during view rendering. Explicitly configure spring.jpa.open-in-view to disable this warning
2021-09-02 12:08:42.843  INFO 28039 --- [main] o.s.s.web.DefaultSecurityFilterChain     : Will secure any request with [org.springframework.security.web.context.request.async.WebAsyncManagerIntegrationFilter@6a906078, org.springframework.security.web.context.SecurityContextPersistenceFilter@3fcb737, org.springframework.security.web.header.HeaderWriterFilter@65b1693c, org.springframework.web.filter.CorsFilter@fd5c7f6, org.springframework.security.web.authentication.logout.LogoutFilter@42095996, com.ssportal.be.config.JwtAuthenticationFilter@44df834c, org.springframework.security.web.savedrequest.RequestCacheAwareFilter@4af50246, org.springframework.security.web.servletapi.SecurityContextHolderAwareRequestFilter@3986b9e9, org.springframework.security.web.authentication.AnonymousAuthenticationFilter@3724ab90, org.springframework.security.web.session.SessionManagementFilter@13346a64, org.springframework.security.web.access.ExceptionTranslationFilter@49c6ee4a, org.springframework.security.web.access.intercept.FilterSecurityInterceptor@61d9dd15]
2021-09-02 12:08:42.975  WARN 28039 --- [main] ion$DefaultTemplateResolverConfiguration : Cannot find template location: classpath:/templates/ (please add some templates or check your Thymeleaf configuration)
2021-09-02 12:08:43.285  INFO 28039 --- [main] o.s.b.w.embedded.tomcat.TomcatWebServer  : Tomcat started on port(s): 8181 (http) with context path '/ssportal/be'
2021-09-02 12:08:43.294  INFO 28039 --- [main] com.ssportal.be.BeApplication            : Started BeApplication in 4.398 seconds (JVM running for 5.033)
2021-09-02 12:08:43.413  INFO 28039 --- [main] com.ssportal.be.service.UserService      : User with username Admin1 already exist. User can't be created. 
2021-09-02 12:08:43.427  INFO 28039 --- [main] com.ssportal.be.service.UserService      : User with username ldeng already exist. User can't be created. 
2021-09-02 12:08:47.212  INFO 28039 --- [http-nio-8181-exec-1] o.a.c.c.C.[.[localhost].[/ssportal/be]   : Initializing Spring DispatcherServlet 'dispatcherServlet'
2021-09-02 12:08:47.213  INFO 28039 --- [http-nio-8181-exec-1] o.s.web.servlet.DispatcherServlet        : Initializing Servlet 'dispatcherServlet'
2021-09-02 12:08:47.214  INFO 28039 --- [http-nio-8181-exec-1] o.s.web.servlet.DispatcherServlet        : Completed initialization in 1 ms
2021-09-02 13:11:38.230  WARN 28039 --- [HikariPool-1 housekeeper] com.zaxxer.hikari.pool.HikariPool        : HikariPool-1 - Thread starvation or clock leap detected (housekeeper delta=1h2m24s609ms).
2021-09-02 13:14:10.101  WARN 28039 --- [HikariPool-1 housekeeper] com.zaxxer.hikari.pool.HikariPool        : HikariPool-1 - Thread starvation or clock leap detected (housekeeper delta=1m31s866ms).
2021-09-02 13:14:10.198  INFO 28039 --- [SpringApplicationShutdownHook] j.LocalContainerEntityManagerFactoryBean : Closing JPA EntityManagerFactory for persistence unit 'default'
2021-09-02 13:14:10.203  INFO 28039 --- [SpringApplicationShutdownHook] com.zaxxer.hikari.HikariDataSource       : HikariPool-1 - Shutdown initiated...
2021-09-02 13:14:10.206  INFO 28039 --- [SpringApplicationShutdownHook] com.zaxxer.hikari.HikariDataSource       : HikariPool-1 - Shutdown completed.
2021-09-02 13:14:22.815  INFO 28719 --- [main] com.ssportal.be.BeApplication            : Starting BeApplication using Java 11.0.10 on Les-MBP-2.fios-router.home with PID 28719 (/Users/ledeng/projects/ssportal/be/target/classes started by ledeng in /Users/ledeng/projects/ssportal/be)
2021-09-02 13:14:22.817  INFO 28719 --- [main] com.ssportal.be.BeApplication            : No active profile set, falling back to default profiles: default
2021-09-02 13:14:23.631  INFO 28719 --- [main] .s.d.r.c.RepositoryConfigurationDelegate : Bootstrapping Spring Data JPA repositories in DEFAULT mode.
2021-09-02 13:14:23.687  INFO 28719 --- [main] .s.d.r.c.RepositoryConfigurationDelegate : Finished Spring Data repository scanning in 48 ms. Found 3 JPA repository interfaces.
2021-09-02 13:14:23.943  INFO 28719 --- [main] trationDelegate$BeanPostProcessorChecker : Bean 'org.springframework.security.access.expression.method.DefaultMethodSecurityExpressionHandler@723877dd' of type [org.springframework.security.access.expression.method.DefaultMethodSecurityExpressionHandler] is not eligible for getting processed by all BeanPostProcessors (for example: not eligible for auto-proxying)
2021-09-02 13:14:23.947  INFO 28719 --- [main] trationDelegate$BeanPostProcessorChecker : Bean 'methodSecurityMetadataSource' of type [org.springframework.security.access.method.DelegatingMethodSecurityMetadataSource] is not eligible for getting processed by all BeanPostProcessors (for example: not eligible for auto-proxying)
2021-09-02 13:14:24.154  INFO 28719 --- [main] o.s.b.w.embedded.tomcat.TomcatWebServer  : Tomcat initialized with port(s): 8181 (http)
2021-09-02 13:14:24.162  INFO 28719 --- [main] o.apache.catalina.core.StandardService   : Starting service [Tomcat]
2021-09-02 13:14:24.163  INFO 28719 --- [main] org.apache.catalina.core.StandardEngine  : Starting Servlet engine: [Apache Tomcat/9.0.52]
2021-09-02 13:14:24.244  INFO 28719 --- [main] o.a.c.c.C.[.[localhost].[/ssportal/be]   : Initializing Spring embedded WebApplicationContext
2021-09-02 13:14:24.244  INFO 28719 --- [main] w.s.c.ServletWebServerApplicationContext : Root WebApplicationContext: initialization completed in 1186 ms
2021-09-02 13:14:24.402  INFO 28719 --- [main] o.hibernate.jpa.internal.util.LogHelper  : HHH000204: Processing PersistenceUnitInfo [name: default]
2021-09-02 13:14:24.444  INFO 28719 --- [main] org.hibernate.Version                    : HHH000412: Hibernate ORM core version 5.4.32.Final
2021-09-02 13:14:24.553  INFO 28719 --- [main] o.hibernate.annotations.common.Version   : HCANN000001: Hibernate Commons Annotations {5.1.2.Final}
2021-09-02 13:14:24.627  INFO 28719 --- [main] com.zaxxer.hikari.HikariDataSource       : HikariPool-1 - Starting...
2021-09-02 13:14:24.735  INFO 28719 --- [main] com.zaxxer.hikari.HikariDataSource       : HikariPool-1 - Start completed.
2021-09-02 13:14:24.744  INFO 28719 --- [main] org.hibernate.dialect.Dialect            : HHH000400: Using dialect: org.hibernate.dialect.MySQL5Dialect
2021-09-02 13:14:25.320  INFO 28719 --- [main] o.h.e.t.j.p.i.JtaPlatformInitiator       : HHH000490: Using JtaPlatform implementation: [org.hibernate.engine.transaction.jta.platform.internal.NoJtaPlatform]
2021-09-02 13:14:25.330  INFO 28719 --- [main] j.LocalContainerEntityManagerFactoryBean : Initialized JPA EntityManagerFactory for persistence unit 'default'
2021-09-02 13:14:25.774  WARN 28719 --- [main] JpaBaseConfiguration$JpaWebConfiguration : spring.jpa.open-in-view is enabled by default. Therefore, database queries may be performed during view rendering. Explicitly configure spring.jpa.open-in-view to disable this warning
2021-09-02 13:14:26.367  INFO 28719 --- [main] o.s.s.web.DefaultSecurityFilterChain     : Will secure any request with [org.springframework.security.web.context.request.async.WebAsyncManagerIntegrationFilter@62ba3045, org.springframework.security.web.context.SecurityContextPersistenceFilter@6e664075, org.springframework.security.web.header.HeaderWriterFilter@21084a6d, org.springframework.web.filter.CorsFilter@397bd46b, org.springframework.security.web.authentication.logout.LogoutFilter@1c09bb7a, com.ssportal.be.config.JwtAuthenticationFilter@15bcecf9, org.springframework.security.web.savedrequest.RequestCacheAwareFilter@3e0b1f03, org.springframework.security.web.servletapi.SecurityContextHolderAwareRequestFilter@23eb6d13, org.springframework.security.web.authentication.AnonymousAuthenticationFilter@d863bb, org.springframework.security.web.session.SessionManagementFilter@33622388, org.springframework.security.web.access.ExceptionTranslationFilter@548c5127, org.springframework.security.web.access.intercept.FilterSecurityInterceptor@7c31e01f]
2021-09-02 13:14:26.495  WARN 28719 --- [main] ion$DefaultTemplateResolverConfiguration : Cannot find template location: classpath:/templates/ (please add some templates or check your Thymeleaf configuration)
2021-09-02 13:14:26.862  INFO 28719 --- [main] o.s.b.w.embedded.tomcat.TomcatWebServer  : Tomcat started on port(s): 8181 (http) with context path '/ssportal/be'
2021-09-02 13:14:26.874  INFO 28719 --- [main] com.ssportal.be.BeApplication            : Started BeApplication in 4.435 seconds (JVM running for 5.097)
2021-09-02 13:14:27.033  INFO 28719 --- [main] com.ssportal.be.service.UserService      : User with username Admin1 already exist. User can't be created. 
2021-09-02 13:14:27.049  INFO 28719 --- [main] com.ssportal.be.service.UserService      : User with username ldeng already exist. User can't be created. 
2021-09-02 13:14:32.000  INFO 28719 --- [http-nio-8181-exec-1] o.a.c.c.C.[.[localhost].[/ssportal/be]   : Initializing Spring DispatcherServlet 'dispatcherServlet'
2021-09-02 13:14:32.001  INFO 28719 --- [http-nio-8181-exec-1] o.s.web.servlet.DispatcherServlet        : Initializing Servlet 'dispatcherServlet'
2021-09-02 13:14:32.002  INFO 28719 --- [http-nio-8181-exec-1] o.s.web.servlet.DispatcherServlet        : Completed initialization in 1 ms
2021-09-02 13:15:09.642  INFO 28719 --- [SpringApplicationShutdownHook] j.LocalContainerEntityManagerFactoryBean : Closing JPA EntityManagerFactory for persistence unit 'default'
2021-09-02 13:15:09.644  INFO 28719 --- [SpringApplicationShutdownHook] com.zaxxer.hikari.HikariDataSource       : HikariPool-1 - Shutdown initiated...
2021-09-02 13:15:09.649  INFO 28719 --- [SpringApplicationShutdownHook] com.zaxxer.hikari.HikariDataSource       : HikariPool-1 - Shutdown completed.
2021-09-02 13:24:20.666  INFO 29883 --- [main] com.ssportal.be.BeApplication            : Starting BeApplication using Java 11.0.10 on Les-MBP-2.fios-router.home with PID 29883 (/Users/ledeng/projects/ssportal/be/target/classes started by ledeng in /Users/ledeng/projects/ssportal/be)
2021-09-02 13:24:20.668  INFO 29883 --- [main] com.ssportal.be.BeApplication            : No active profile set, falling back to default profiles: default
2021-09-02 13:24:21.524  INFO 29883 --- [main] .s.d.r.c.RepositoryConfigurationDelegate : Bootstrapping Spring Data JPA repositories in DEFAULT mode.
2021-09-02 13:24:21.586  INFO 29883 --- [main] .s.d.r.c.RepositoryConfigurationDelegate : Finished Spring Data repository scanning in 54 ms. Found 3 JPA repository interfaces.
2021-09-02 13:24:21.867  INFO 29883 --- [main] trationDelegate$BeanPostProcessorChecker : Bean 'org.springframework.security.access.expression.method.DefaultMethodSecurityExpressionHandler@723877dd' of type [org.springframework.security.access.expression.method.DefaultMethodSecurityExpressionHandler] is not eligible for getting processed by all BeanPostProcessors (for example: not eligible for auto-proxying)
2021-09-02 13:24:21.870  INFO 29883 --- [main] trationDelegate$BeanPostProcessorChecker : Bean 'methodSecurityMetadataSource' of type [org.springframework.security.access.method.DelegatingMethodSecurityMetadataSource] is not eligible for getting processed by all BeanPostProcessors (for example: not eligible for auto-proxying)
2021-09-02 13:24:22.100  INFO 29883 --- [main] o.s.b.w.embedded.tomcat.TomcatWebServer  : Tomcat initialized with port(s): 8181 (http)
2021-09-02 13:24:22.108  INFO 29883 --- [main] o.apache.catalina.core.StandardService   : Starting service [Tomcat]
2021-09-02 13:24:22.109  INFO 29883 --- [main] org.apache.catalina.core.StandardEngine  : Starting Servlet engine: [Apache Tomcat/9.0.52]
2021-09-02 13:24:22.211  INFO 29883 --- [main] o.a.c.c.C.[.[localhost].[/ssportal/be]   : Initializing Spring embedded WebApplicationContext
2021-09-02 13:24:22.211  INFO 29883 --- [main] w.s.c.ServletWebServerApplicationContext : Root WebApplicationContext: initialization completed in 1284 ms
2021-09-02 13:24:22.426  INFO 29883 --- [main] o.hibernate.jpa.internal.util.LogHelper  : HHH000204: Processing PersistenceUnitInfo [name: default]
2021-09-02 13:24:22.494  INFO 29883 --- [main] org.hibernate.Version                    : HHH000412: Hibernate ORM core version 5.4.32.Final
2021-09-02 13:24:22.646  INFO 29883 --- [main] o.hibernate.annotations.common.Version   : HCANN000001: Hibernate Commons Annotations {5.1.2.Final}
2021-09-02 13:24:22.778  INFO 29883 --- [main] com.zaxxer.hikari.HikariDataSource       : HikariPool-1 - Starting...
2021-09-02 13:24:22.909  INFO 29883 --- [main] com.zaxxer.hikari.HikariDataSource       : HikariPool-1 - Start completed.
2021-09-02 13:24:22.923  INFO 29883 --- [main] org.hibernate.dialect.Dialect            : HHH000400: Using dialect: org.hibernate.dialect.MySQL5Dialect
2021-09-02 13:24:23.641  INFO 29883 --- [main] o.h.e.t.j.p.i.JtaPlatformInitiator       : HHH000490: Using JtaPlatform implementation: [org.hibernate.engine.transaction.jta.platform.internal.NoJtaPlatform]
2021-09-02 13:24:23.652  INFO 29883 --- [main] j.LocalContainerEntityManagerFactoryBean : Initialized JPA EntityManagerFactory for persistence unit 'default'
2021-09-02 13:24:24.132  WARN 29883 --- [main] JpaBaseConfiguration$JpaWebConfiguration : spring.jpa.open-in-view is enabled by default. Therefore, database queries may be performed during view rendering. Explicitly configure spring.jpa.open-in-view to disable this warning
2021-09-02 13:24:24.852  INFO 29883 --- [main] o.s.s.web.DefaultSecurityFilterChain     : Will secure any request with [org.springframework.security.web.context.request.async.WebAsyncManagerIntegrationFilter@54f62ac6, org.springframework.security.web.context.SecurityContextPersistenceFilter@4af50246, org.springframework.security.web.header.HeaderWriterFilter@255d4d7, org.springframework.web.filter.CorsFilter@7be86438, org.springframework.security.web.authentication.logout.LogoutFilter@65f36591, com.ssportal.be.config.JwtAuthenticationFilter@7df23848, org.springframework.security.web.savedrequest.RequestCacheAwareFilter@23eb6d13, org.springframework.security.web.servletapi.SecurityContextHolderAwareRequestFilter@4f629aa4, org.springframework.security.web.authentication.AnonymousAuthenticationFilter@5fe4848, org.springframework.security.web.session.SessionManagementFilter@3fcb737, org.springframework.security.web.access.ExceptionTranslationFilter@4549d616, org.springframework.security.web.access.intercept.FilterSecurityInterceptor@76ebd595]
2021-09-02 13:24:25.015  WARN 29883 --- [main] ion$DefaultTemplateResolverConfiguration : Cannot find template location: classpath:/templates/ (please add some templates or check your Thymeleaf configuration)
2021-09-02 13:24:25.405  INFO 29883 --- [main] o.s.b.w.embedded.tomcat.TomcatWebServer  : Tomcat started on port(s): 8181 (http) with context path '/ssportal/be'
2021-09-02 13:24:25.416  INFO 29883 --- [main] com.ssportal.be.BeApplication            : Started BeApplication in 5.141 seconds (JVM running for 5.866)
2021-09-02 13:24:25.579  INFO 29883 --- [main] com.ssportal.be.service.UserService      : User with username Admin1 already exist. User can't be created. 
2021-09-02 13:24:25.597  INFO 29883 --- [main] com.ssportal.be.service.UserService      : User with username ldeng already exist. User can't be created. 
2021-09-02 13:28:37.431  INFO 29883 --- [http-nio-8181-exec-1] o.a.c.c.C.[.[localhost].[/ssportal/be]   : Initializing Spring DispatcherServlet 'dispatcherServlet'
2021-09-02 13:28:37.432  INFO 29883 --- [http-nio-8181-exec-1] o.s.web.servlet.DispatcherServlet        : Initializing Servlet 'dispatcherServlet'
2021-09-02 13:28:37.436  INFO 29883 --- [http-nio-8181-exec-1] o.s.web.servlet.DispatcherServlet        : Completed initialization in 3 ms
2021-09-02 13:28:37.477  INFO 29883 --- [http-nio-8181-exec-2] c.s.be.config.JwtAuthenticationFilter    : couldn't find bearer string, will ignore the header of URI: /ssportal/be/pingid/getUserDetails
2021-09-02 13:39:35.650  INFO 29883 --- [SpringApplicationShutdownHook] j.LocalContainerEntityManagerFactoryBean : Closing JPA EntityManagerFactory for persistence unit 'default'
2021-09-02 13:39:35.664  INFO 29883 --- [SpringApplicationShutdownHook] com.zaxxer.hikari.HikariDataSource       : HikariPool-1 - Shutdown initiated...
2021-09-02 13:39:35.678  INFO 29883 --- [SpringApplicationShutdownHook] com.zaxxer.hikari.HikariDataSource       : HikariPool-1 - Shutdown completed.
2021-09-02 13:39:39.159  INFO 30952 --- [main] com.ssportal.be.BeApplication            : Starting BeApplication using Java 11.0.10 on Les-MBP-2.fios-router.home with PID 30952 (/Users/ledeng/projects/ssportal/be/target/classes started by ledeng in /Users/ledeng/projects/ssportal/be)
2021-09-02 13:39:39.161  INFO 30952 --- [main] com.ssportal.be.BeApplication            : No active profile set, falling back to default profiles: default
2021-09-02 13:39:39.959  INFO 30952 --- [main] .s.d.r.c.RepositoryConfigurationDelegate : Bootstrapping Spring Data JPA repositories in DEFAULT mode.
2021-09-02 13:39:40.015  INFO 30952 --- [main] .s.d.r.c.RepositoryConfigurationDelegate : Finished Spring Data repository scanning in 49 ms. Found 3 JPA repository interfaces.
2021-09-02 13:39:40.262  INFO 30952 --- [main] trationDelegate$BeanPostProcessorChecker : Bean 'org.springframework.security.access.expression.method.DefaultMethodSecurityExpressionHandler@723877dd' of type [org.springframework.security.access.expression.method.DefaultMethodSecurityExpressionHandler] is not eligible for getting processed by all BeanPostProcessors (for example: not eligible for auto-proxying)
2021-09-02 13:39:40.266  INFO 30952 --- [main] trationDelegate$BeanPostProcessorChecker : Bean 'methodSecurityMetadataSource' of type [org.springframework.security.access.method.DelegatingMethodSecurityMetadataSource] is not eligible for getting processed by all BeanPostProcessors (for example: not eligible for auto-proxying)
2021-09-02 13:39:40.501  INFO 30952 --- [main] o.s.b.w.embedded.tomcat.TomcatWebServer  : Tomcat initialized with port(s): 8181 (http)
2021-09-02 13:39:40.510  INFO 30952 --- [main] o.apache.catalina.core.StandardService   : Starting service [Tomcat]
2021-09-02 13:39:40.510  INFO 30952 --- [main] org.apache.catalina.core.StandardEngine  : Starting Servlet engine: [Apache Tomcat/9.0.52]
2021-09-02 13:39:40.603  INFO 30952 --- [main] o.a.c.c.C.[.[localhost].[/ssportal/be]   : Initializing Spring embedded WebApplicationContext
2021-09-02 13:39:40.603  INFO 30952 --- [main] w.s.c.ServletWebServerApplicationContext : Root WebApplicationContext: initialization completed in 1205 ms
2021-09-02 13:39:40.791  INFO 30952 --- [main] o.hibernate.jpa.internal.util.LogHelper  : HHH000204: Processing PersistenceUnitInfo [name: default]
2021-09-02 13:39:40.839  INFO 30952 --- [main] org.hibernate.Version                    : HHH000412: Hibernate ORM core version 5.4.32.Final
2021-09-02 13:39:40.987  INFO 30952 --- [main] o.hibernate.annotations.common.Version   : HCANN000001: Hibernate Commons Annotations {5.1.2.Final}
2021-09-02 13:39:41.077  INFO 30952 --- [main] com.zaxxer.hikari.HikariDataSource       : HikariPool-1 - Starting...
2021-09-02 13:39:41.195  INFO 30952 --- [main] com.zaxxer.hikari.HikariDataSource       : HikariPool-1 - Start completed.
2021-09-02 13:39:41.207  INFO 30952 --- [main] org.hibernate.dialect.Dialect            : HHH000400: Using dialect: org.hibernate.dialect.MySQL5Dialect
2021-09-02 13:39:41.858  INFO 30952 --- [main] o.h.e.t.j.p.i.JtaPlatformInitiator       : HHH000490: Using JtaPlatform implementation: [org.hibernate.engine.transaction.jta.platform.internal.NoJtaPlatform]
2021-09-02 13:39:41.866  INFO 30952 --- [main] j.LocalContainerEntityManagerFactoryBean : Initialized JPA EntityManagerFactory for persistence unit 'default'
2021-09-02 13:39:42.299  WARN 30952 --- [main] JpaBaseConfiguration$JpaWebConfiguration : spring.jpa.open-in-view is enabled by default. Therefore, database queries may be performed during view rendering. Explicitly configure spring.jpa.open-in-view to disable this warning
2021-09-02 13:39:42.927  INFO 30952 --- [main] o.s.s.web.DefaultSecurityFilterChain     : Will secure any request with [org.springframework.security.web.context.request.async.WebAsyncManagerIntegrationFilter@4560eb15, org.springframework.security.web.context.SecurityContextPersistenceFilter@1f3dafd4, org.springframework.security.web.header.HeaderWriterFilter@35630ee8, org.springframework.web.filter.CorsFilter@225fb75e, org.springframework.security.web.authentication.logout.LogoutFilter@68dc2f53, com.ssportal.be.config.JwtAuthenticationFilter@1afabf06, org.springframework.security.web.savedrequest.RequestCacheAwareFilter@2e03bb74, org.springframework.security.web.servletapi.SecurityContextHolderAwareRequestFilter@7a22302c, org.springframework.security.web.authentication.AnonymousAuthenticationFilter@61d9dd15, org.springframework.security.web.session.SessionManagementFilter@426bf2f2, org.springframework.security.web.access.ExceptionTranslationFilter@7612f385, org.springframework.security.web.access.intercept.FilterSecurityInterceptor@79080255]
2021-09-02 13:39:43.063  WARN 30952 --- [main] ion$DefaultTemplateResolverConfiguration : Cannot find template location: classpath:/templates/ (please add some templates or check your Thymeleaf configuration)
2021-09-02 13:39:43.399  INFO 30952 --- [main] o.s.b.w.embedded.tomcat.TomcatWebServer  : Tomcat started on port(s): 8181 (http) with context path '/ssportal/be'
2021-09-02 13:39:43.408  INFO 30952 --- [main] com.ssportal.be.BeApplication            : Started BeApplication in 4.607 seconds (JVM running for 5.278)
2021-09-02 13:39:43.537  INFO 30952 --- [main] com.ssportal.be.service.UserService      : User with username Admin1 already exist. User can't be created. 
2021-09-02 13:39:43.554  INFO 30952 --- [main] com.ssportal.be.service.UserService      : User with username ldeng already exist. User can't be created. 
2021-09-02 13:39:47.376  INFO 30952 --- [http-nio-8181-exec-1] o.a.c.c.C.[.[localhost].[/ssportal/be]   : Initializing Spring DispatcherServlet 'dispatcherServlet'
2021-09-02 13:39:47.377  INFO 30952 --- [http-nio-8181-exec-1] o.s.web.servlet.DispatcherServlet        : Initializing Servlet 'dispatcherServlet'
2021-09-02 13:39:47.378  INFO 30952 --- [http-nio-8181-exec-1] o.s.web.servlet.DispatcherServlet        : Completed initialization in 1 ms
2021-09-02 13:42:12.482  INFO 30952 --- [SpringApplicationShutdownHook] j.LocalContainerEntityManagerFactoryBean : Closing JPA EntityManagerFactory for persistence unit 'default'
2021-09-02 13:42:12.485  INFO 30952 --- [SpringApplicationShutdownHook] com.zaxxer.hikari.HikariDataSource       : HikariPool-1 - Shutdown initiated...
2021-09-02 13:42:12.490  INFO 30952 --- [SpringApplicationShutdownHook] com.zaxxer.hikari.HikariDataSource       : HikariPool-1 - Shutdown completed.
2021-09-02 13:42:15.793  INFO 31005 --- [main] com.ssportal.be.BeApplication            : Starting BeApplication using Java 11.0.10 on Les-MBP-2.fios-router.home with PID 31005 (/Users/ledeng/projects/ssportal/be/target/classes started by ledeng in /Users/ledeng/projects/ssportal/be)
2021-09-02 13:42:15.795  INFO 31005 --- [main] com.ssportal.be.BeApplication            : No active profile set, falling back to default profiles: default
2021-09-02 13:42:16.593  INFO 31005 --- [main] .s.d.r.c.RepositoryConfigurationDelegate : Bootstrapping Spring Data JPA repositories in DEFAULT mode.
2021-09-02 13:42:16.649  INFO 31005 --- [main] .s.d.r.c.RepositoryConfigurationDelegate : Finished Spring Data repository scanning in 49 ms. Found 3 JPA repository interfaces.
2021-09-02 13:42:16.890  INFO 31005 --- [main] trationDelegate$BeanPostProcessorChecker : Bean 'org.springframework.security.access.expression.method.DefaultMethodSecurityExpressionHandler@723877dd' of type [org.springframework.security.access.expression.method.DefaultMethodSecurityExpressionHandler] is not eligible for getting processed by all BeanPostProcessors (for example: not eligible for auto-proxying)
2021-09-02 13:42:16.893  INFO 31005 --- [main] trationDelegate$BeanPostProcessorChecker : Bean 'methodSecurityMetadataSource' of type [org.springframework.security.access.method.DelegatingMethodSecurityMetadataSource] is not eligible for getting processed by all BeanPostProcessors (for example: not eligible for auto-proxying)
2021-09-02 13:42:17.096  INFO 31005 --- [main] o.s.b.w.embedded.tomcat.TomcatWebServer  : Tomcat initialized with port(s): 8181 (http)
2021-09-02 13:42:17.103  INFO 31005 --- [main] o.apache.catalina.core.StandardService   : Starting service [Tomcat]
2021-09-02 13:42:17.104  INFO 31005 --- [main] org.apache.catalina.core.StandardEngine  : Starting Servlet engine: [Apache Tomcat/9.0.52]
2021-09-02 13:42:17.186  INFO 31005 --- [main] o.a.c.c.C.[.[localhost].[/ssportal/be]   : Initializing Spring embedded WebApplicationContext
2021-09-02 13:42:17.186  INFO 31005 --- [main] w.s.c.ServletWebServerApplicationContext : Root WebApplicationContext: initialization completed in 1167 ms
2021-09-02 13:42:17.344  INFO 31005 --- [main] o.hibernate.jpa.internal.util.LogHelper  : HHH000204: Processing PersistenceUnitInfo [name: default]
2021-09-02 13:42:17.390  INFO 31005 --- [main] org.hibernate.Version                    : HHH000412: Hibernate ORM core version 5.4.32.Final
2021-09-02 13:42:17.493  INFO 31005 --- [main] o.hibernate.annotations.common.Version   : HCANN000001: Hibernate Commons Annotations {5.1.2.Final}
2021-09-02 13:42:17.569  INFO 31005 --- [main] com.zaxxer.hikari.HikariDataSource       : HikariPool-1 - Starting...
2021-09-02 13:42:17.668  INFO 31005 --- [main] com.zaxxer.hikari.HikariDataSource       : HikariPool-1 - Start completed.
2021-09-02 13:42:17.677  INFO 31005 --- [main] org.hibernate.dialect.Dialect            : HHH000400: Using dialect: org.hibernate.dialect.MySQL5Dialect
2021-09-02 13:42:18.290  INFO 31005 --- [main] o.h.e.t.j.p.i.JtaPlatformInitiator       : HHH000490: Using JtaPlatform implementation: [org.hibernate.engine.transaction.jta.platform.internal.NoJtaPlatform]
2021-09-02 13:42:18.299  INFO 31005 --- [main] j.LocalContainerEntityManagerFactoryBean : Initialized JPA EntityManagerFactory for persistence unit 'default'
2021-09-02 13:42:18.743  WARN 31005 --- [main] JpaBaseConfiguration$JpaWebConfiguration : spring.jpa.open-in-view is enabled by default. Therefore, database queries may be performed during view rendering. Explicitly configure spring.jpa.open-in-view to disable this warning
2021-09-02 13:42:19.383  INFO 31005 --- [main] o.s.s.web.DefaultSecurityFilterChain     : Will secure any request with [org.springframework.security.web.context.request.async.WebAsyncManagerIntegrationFilter@4560eb15, org.springframework.security.web.context.SecurityContextPersistenceFilter@752180c4, org.springframework.security.web.header.HeaderWriterFilter@4dd425dc, org.springframework.web.filter.CorsFilter@225fb75e, org.springframework.security.web.authentication.logout.LogoutFilter@55c581e4, com.ssportal.be.config.JwtAuthenticationFilter@1afabf06, org.springframework.security.web.savedrequest.RequestCacheAwareFilter@1802f60c, org.springframework.security.web.servletapi.SecurityContextHolderAwareRequestFilter@24ac87a, org.springframework.security.web.authentication.AnonymousAuthenticationFilter@61d9dd15, org.springframework.security.web.session.SessionManagementFilter@d60cbad, org.springframework.security.web.access.ExceptionTranslationFilter@c3114ea, org.springframework.security.web.access.intercept.FilterSecurityInterceptor@79080255]
2021-09-02 13:42:19.525  WARN 31005 --- [main] ion$DefaultTemplateResolverConfiguration : Cannot find template location: classpath:/templates/ (please add some templates or check your Thymeleaf configuration)
2021-09-02 13:42:19.909  INFO 31005 --- [main] o.s.b.w.embedded.tomcat.TomcatWebServer  : Tomcat started on port(s): 8181 (http) with context path '/ssportal/be'
2021-09-02 13:42:19.919  INFO 31005 --- [main] com.ssportal.be.BeApplication            : Started BeApplication in 4.479 seconds (JVM running for 5.117)
2021-09-02 13:42:20.089  INFO 31005 --- [main] com.ssportal.be.service.UserService      : User with username Admin1 already exist. User can't be created. 
2021-09-02 13:42:20.103  INFO 31005 --- [main] com.ssportal.be.service.UserService      : User with username ldeng already exist. User can't be created. 
2021-09-02 13:42:22.738  INFO 31005 --- [http-nio-8181-exec-1] o.a.c.c.C.[.[localhost].[/ssportal/be]   : Initializing Spring DispatcherServlet 'dispatcherServlet'
2021-09-02 13:42:22.739  INFO 31005 --- [http-nio-8181-exec-1] o.s.web.servlet.DispatcherServlet        : Initializing Servlet 'dispatcherServlet'
2021-09-02 13:42:22.741  INFO 31005 --- [http-nio-8181-exec-1] o.s.web.servlet.DispatcherServlet        : Completed initialization in 2 ms
2021-09-02 13:44:57.179  WARN 31005 --- [HikariPool-1 housekeeper] com.zaxxer.hikari.pool.HikariPool        : HikariPool-1 - Thread starvation or clock leap detected (housekeeper delta=57s610ms).
2021-09-02 13:44:57.283  INFO 31005 --- [SpringApplicationShutdownHook] j.LocalContainerEntityManagerFactoryBean : Closing JPA EntityManagerFactory for persistence unit 'default'
2021-09-02 13:44:57.287  INFO 31005 --- [SpringApplicationShutdownHook] com.zaxxer.hikari.HikariDataSource       : HikariPool-1 - Shutdown initiated...
2021-09-02 13:44:57.294  INFO 31005 --- [SpringApplicationShutdownHook] com.zaxxer.hikari.HikariDataSource       : HikariPool-1 - Shutdown completed.
2021-09-02 13:45:00.602  INFO 31039 --- [main] com.ssportal.be.BeApplication            : Starting BeApplication using Java 11.0.10 on Les-MBP-2.fios-router.home with PID 31039 (/Users/ledeng/projects/ssportal/be/target/classes started by ledeng in /Users/ledeng/projects/ssportal/be)
2021-09-02 13:45:00.605  INFO 31039 --- [main] com.ssportal.be.BeApplication            : No active profile set, falling back to default profiles: default
2021-09-02 13:45:01.390  INFO 31039 --- [main] .s.d.r.c.RepositoryConfigurationDelegate : Bootstrapping Spring Data JPA repositories in DEFAULT mode.
2021-09-02 13:45:01.450  INFO 31039 --- [main] .s.d.r.c.RepositoryConfigurationDelegate : Finished Spring Data repository scanning in 53 ms. Found 3 JPA repository interfaces.
2021-09-02 13:45:01.689  INFO 31039 --- [main] trationDelegate$BeanPostProcessorChecker : Bean 'org.springframework.security.access.expression.method.DefaultMethodSecurityExpressionHandler@723877dd' of type [org.springframework.security.access.expression.method.DefaultMethodSecurityExpressionHandler] is not eligible for getting processed by all BeanPostProcessors (for example: not eligible for auto-proxying)
2021-09-02 13:45:01.692  INFO 31039 --- [main] trationDelegate$BeanPostProcessorChecker : Bean 'methodSecurityMetadataSource' of type [org.springframework.security.access.method.DelegatingMethodSecurityMetadataSource] is not eligible for getting processed by all BeanPostProcessors (for example: not eligible for auto-proxying)
2021-09-02 13:45:01.888  INFO 31039 --- [main] o.s.b.w.embedded.tomcat.TomcatWebServer  : Tomcat initialized with port(s): 8181 (http)
2021-09-02 13:45:01.896  INFO 31039 --- [main] o.apache.catalina.core.StandardService   : Starting service [Tomcat]
2021-09-02 13:45:01.896  INFO 31039 --- [main] org.apache.catalina.core.StandardEngine  : Starting Servlet engine: [Apache Tomcat/9.0.52]
2021-09-02 13:45:01.978  INFO 31039 --- [main] o.a.c.c.C.[.[localhost].[/ssportal/be]   : Initializing Spring embedded WebApplicationContext
2021-09-02 13:45:01.978  INFO 31039 --- [main] w.s.c.ServletWebServerApplicationContext : Root WebApplicationContext: initialization completed in 1145 ms
2021-09-02 13:45:02.134  INFO 31039 --- [main] o.hibernate.jpa.internal.util.LogHelper  : HHH000204: Processing PersistenceUnitInfo [name: default]
2021-09-02 13:45:02.179  INFO 31039 --- [main] org.hibernate.Version                    : HHH000412: Hibernate ORM core version 5.4.32.Final
2021-09-02 13:45:02.288  INFO 31039 --- [main] o.hibernate.annotations.common.Version   : HCANN000001: Hibernate Commons Annotations {5.1.2.Final}
2021-09-02 13:45:02.361  INFO 31039 --- [main] com.zaxxer.hikari.HikariDataSource       : HikariPool-1 - Starting...
2021-09-02 13:45:02.463  INFO 31039 --- [main] com.zaxxer.hikari.HikariDataSource       : HikariPool-1 - Start completed.
2021-09-02 13:45:02.472  INFO 31039 --- [main] org.hibernate.dialect.Dialect            : HHH000400: Using dialect: org.hibernate.dialect.MySQL5Dialect
2021-09-02 13:45:03.047  INFO 31039 --- [main] o.h.e.t.j.p.i.JtaPlatformInitiator       : HHH000490: Using JtaPlatform implementation: [org.hibernate.engine.transaction.jta.platform.internal.NoJtaPlatform]
2021-09-02 13:45:03.056  INFO 31039 --- [main] j.LocalContainerEntityManagerFactoryBean : Initialized JPA EntityManagerFactory for persistence unit 'default'
2021-09-02 13:45:03.489  WARN 31039 --- [main] JpaBaseConfiguration$JpaWebConfiguration : spring.jpa.open-in-view is enabled by default. Therefore, database queries may be performed during view rendering. Explicitly configure spring.jpa.open-in-view to disable this warning
2021-09-02 13:45:04.086  INFO 31039 --- [main] o.s.s.web.DefaultSecurityFilterChain     : Will secure any request with [org.springframework.security.web.context.request.async.WebAsyncManagerIntegrationFilter@22a8c837, org.springframework.security.web.context.SecurityContextPersistenceFilter@13346a64, org.springframework.security.web.header.HeaderWriterFilter@4549d616, org.springframework.web.filter.CorsFilter@5f596a1a, org.springframework.security.web.authentication.logout.LogoutFilter@eaa07bb, com.ssportal.be.config.JwtAuthenticationFilter@796613b7, org.springframework.security.web.savedrequest.RequestCacheAwareFilter@3fcb737, org.springframework.security.web.servletapi.SecurityContextHolderAwareRequestFilter@1ac71b87, org.springframework.security.web.authentication.AnonymousAuthenticationFilter@62977afb, org.springframework.security.web.session.SessionManagementFilter@51d9479c, org.springframework.security.web.access.ExceptionTranslationFilter@642d971f, org.springframework.security.web.access.intercept.FilterSecurityInterceptor@3724ab90]
2021-09-02 13:45:04.221  WARN 31039 --- [main] ion$DefaultTemplateResolverConfiguration : Cannot find template location: classpath:/templates/ (please add some templates or check your Thymeleaf configuration)
2021-09-02 13:45:04.533  INFO 31039 --- [main] o.s.b.w.embedded.tomcat.TomcatWebServer  : Tomcat started on port(s): 8181 (http) with context path '/ssportal/be'
2021-09-02 13:45:04.543  INFO 31039 --- [main] com.ssportal.be.BeApplication            : Started BeApplication in 4.307 seconds (JVM running for 4.955)
2021-09-02 13:45:04.667  INFO 31039 --- [main] com.ssportal.be.service.UserService      : User with username Admin1 already exist. User can't be created. 
2021-09-02 13:45:04.680  INFO 31039 --- [main] com.ssportal.be.service.UserService      : User with username ldeng already exist. User can't be created. 
2021-09-02 13:45:07.796  INFO 31039 --- [http-nio-8181-exec-1] o.a.c.c.C.[.[localhost].[/ssportal/be]   : Initializing Spring DispatcherServlet 'dispatcherServlet'
2021-09-02 13:45:07.797  INFO 31039 --- [http-nio-8181-exec-1] o.s.web.servlet.DispatcherServlet        : Initializing Servlet 'dispatcherServlet'
2021-09-02 13:45:07.800  INFO 31039 --- [http-nio-8181-exec-1] o.s.web.servlet.DispatcherServlet        : Completed initialization in 2 ms
2021-09-02 13:47:34.925  INFO 31039 --- [SpringApplicationShutdownHook] j.LocalContainerEntityManagerFactoryBean : Closing JPA EntityManagerFactory for persistence unit 'default'
2021-09-02 13:47:34.927  INFO 31039 --- [SpringApplicationShutdownHook] com.zaxxer.hikari.HikariDataSource       : HikariPool-1 - Shutdown initiated...
2021-09-02 13:47:34.933  INFO 31039 --- [SpringApplicationShutdownHook] com.zaxxer.hikari.HikariDataSource       : HikariPool-1 - Shutdown completed.
2021-09-02 13:47:38.377  INFO 31081 --- [main] com.ssportal.be.BeApplication            : Starting BeApplication using Java 11.0.10 on Les-MBP-2.fios-router.home with PID 31081 (/Users/ledeng/projects/ssportal/be/target/classes started by ledeng in /Users/ledeng/projects/ssportal/be)
2021-09-02 13:47:38.379  INFO 31081 --- [main] com.ssportal.be.BeApplication            : No active profile set, falling back to default profiles: default
2021-09-02 13:47:39.171  INFO 31081 --- [main] .s.d.r.c.RepositoryConfigurationDelegate : Bootstrapping Spring Data JPA repositories in DEFAULT mode.
2021-09-02 13:47:39.228  INFO 31081 --- [main] .s.d.r.c.RepositoryConfigurationDelegate : Finished Spring Data repository scanning in 50 ms. Found 3 JPA repository interfaces.
2021-09-02 13:47:39.486  INFO 31081 --- [main] trationDelegate$BeanPostProcessorChecker : Bean 'org.springframework.security.access.expression.method.DefaultMethodSecurityExpressionHandler@75fd65c' of type [org.springframework.security.access.expression.method.DefaultMethodSecurityExpressionHandler] is not eligible for getting processed by all BeanPostProcessors (for example: not eligible for auto-proxying)
2021-09-02 13:47:39.490  INFO 31081 --- [main] trationDelegate$BeanPostProcessorChecker : Bean 'methodSecurityMetadataSource' of type [org.springframework.security.access.method.DelegatingMethodSecurityMetadataSource] is not eligible for getting processed by all BeanPostProcessors (for example: not eligible for auto-proxying)
2021-09-02 13:47:39.694  INFO 31081 --- [main] o.s.b.w.embedded.tomcat.TomcatWebServer  : Tomcat initialized with port(s): 8181 (http)
2021-09-02 13:47:39.702  INFO 31081 --- [main] o.apache.catalina.core.StandardService   : Starting service [Tomcat]
2021-09-02 13:47:39.702  INFO 31081 --- [main] org.apache.catalina.core.StandardEngine  : Starting Servlet engine: [Apache Tomcat/9.0.52]
2021-09-02 13:47:39.782  INFO 31081 --- [main] o.a.c.c.C.[.[localhost].[/ssportal/be]   : Initializing Spring embedded WebApplicationContext
2021-09-02 13:47:39.782  INFO 31081 --- [main] w.s.c.ServletWebServerApplicationContext : Root WebApplicationContext: initialization completed in 1167 ms
2021-09-02 13:47:39.952  INFO 31081 --- [main] o.hibernate.jpa.internal.util.LogHelper  : HHH000204: Processing PersistenceUnitInfo [name: default]
2021-09-02 13:47:40.002  INFO 31081 --- [main] org.hibernate.Version                    : HHH000412: Hibernate ORM core version 5.4.32.Final
2021-09-02 13:47:40.109  INFO 31081 --- [main] o.hibernate.annotations.common.Version   : HCANN000001: Hibernate Commons Annotations {5.1.2.Final}
2021-09-02 13:47:40.184  INFO 31081 --- [main] com.zaxxer.hikari.HikariDataSource       : HikariPool-1 - Starting...
2021-09-02 13:47:40.284  INFO 31081 --- [main] com.zaxxer.hikari.HikariDataSource       : HikariPool-1 - Start completed.
2021-09-02 13:47:40.294  INFO 31081 --- [main] org.hibernate.dialect.Dialect            : HHH000400: Using dialect: org.hibernate.dialect.MySQL5Dialect
2021-09-02 13:47:40.882  INFO 31081 --- [main] o.h.e.t.j.p.i.JtaPlatformInitiator       : HHH000490: Using JtaPlatform implementation: [org.hibernate.engine.transaction.jta.platform.internal.NoJtaPlatform]
2021-09-02 13:47:40.892  INFO 31081 --- [main] j.LocalContainerEntityManagerFactoryBean : Initialized JPA EntityManagerFactory for persistence unit 'default'
2021-09-02 13:47:41.321  WARN 31081 --- [main] JpaBaseConfiguration$JpaWebConfiguration : spring.jpa.open-in-view is enabled by default. Therefore, database queries may be performed during view rendering. Explicitly configure spring.jpa.open-in-view to disable this warning
2021-09-02 13:47:41.899  INFO 31081 --- [main] o.s.s.web.DefaultSecurityFilterChain     : Will secure any request with [org.springframework.security.web.context.request.async.WebAsyncManagerIntegrationFilter@2cdb53d6, org.springframework.security.web.context.SecurityContextPersistenceFilter@6e664075, org.springframework.security.web.header.HeaderWriterFilter@21084a6d, org.springframework.web.filter.CorsFilter@62ba3045, org.springframework.security.web.authentication.logout.LogoutFilter@1c09bb7a, com.ssportal.be.config.JwtAuthenticationFilter@15bcecf9, org.springframework.security.web.savedrequest.RequestCacheAwareFilter@3e0b1f03, org.springframework.security.web.servletapi.SecurityContextHolderAwareRequestFilter@23eb6d13, org.springframework.security.web.authentication.AnonymousAuthenticationFilter@397bd46b, org.springframework.security.web.session.SessionManagementFilter@33622388, org.springframework.security.web.access.ExceptionTranslationFilter@548c5127, org.springframework.security.web.access.intercept.FilterSecurityInterceptor@62158618]
2021-09-02 13:47:42.026  WARN 31081 --- [main] ion$DefaultTemplateResolverConfiguration : Cannot find template location: classpath:/templates/ (please add some templates or check your Thymeleaf configuration)
2021-09-02 13:47:42.327  INFO 31081 --- [main] o.s.b.w.embedded.tomcat.TomcatWebServer  : Tomcat started on port(s): 8181 (http) with context path '/ssportal/be'
2021-09-02 13:47:42.336  INFO 31081 --- [main] com.ssportal.be.BeApplication            : Started BeApplication in 4.319 seconds (JVM running for 4.973)
2021-09-02 13:47:42.460  INFO 31081 --- [main] com.ssportal.be.service.UserService      : User with username Admin1 already exist. User can't be created. 
2021-09-02 13:47:42.473  INFO 31081 --- [main] com.ssportal.be.service.UserService      : User with username ldeng already exist. User can't be created. 
2021-09-02 13:47:45.632  INFO 31081 --- [http-nio-8181-exec-1] o.a.c.c.C.[.[localhost].[/ssportal/be]   : Initializing Spring DispatcherServlet 'dispatcherServlet'
2021-09-02 13:47:45.633  INFO 31081 --- [http-nio-8181-exec-1] o.s.web.servlet.DispatcherServlet        : Initializing Servlet 'dispatcherServlet'
2021-09-02 13:47:45.636  INFO 31081 --- [http-nio-8181-exec-1] o.s.web.servlet.DispatcherServlet        : Completed initialization in 2 ms
